Traceback (most recent call last):
  File "/Users/bkclark/opt/anaconda3/lib/python3.9/site-packages/jupyter_cache/executors/utils.py", line 51, in single_nb_execution
    executenb(
  File "/Users/bkclark/opt/anaconda3/lib/python3.9/site-packages/nbclient/client.py", line 1112, in execute
    return NotebookClient(nb=nb, resources=resources, km=km, **kwargs).execute()
  File "/Users/bkclark/opt/anaconda3/lib/python3.9/site-packages/nbclient/util.py", line 74, in wrapped
    return just_run(coro(*args, **kwargs))
  File "/Users/bkclark/opt/anaconda3/lib/python3.9/site-packages/nbclient/util.py", line 53, in just_run
    return loop.run_until_complete(coro)
  File "/Users/bkclark/opt/anaconda3/lib/python3.9/asyncio/base_events.py", line 642, in run_until_complete
    return future.result()
  File "/Users/bkclark/opt/anaconda3/lib/python3.9/site-packages/nbclient/client.py", line 553, in async_execute
    await self.async_execute_cell(
  File "/Users/bkclark/opt/anaconda3/lib/python3.9/site-packages/nbclient/client.py", line 857, in async_execute_cell
    self._check_raise_for_error(cell, exec_reply)
  File "/Users/bkclark/opt/anaconda3/lib/python3.9/site-packages/nbclient/client.py", line 760, in _check_raise_for_error
    raise CellExecutionError.from_cell_and_msg(cell, exec_reply_content)
nbclient.exceptions.CellExecutionError: An error occurred while executing the following cell:
------------------
#RUN ME TO ANIMATE YOUR CODE
ani=animateMe_singlePendula([positions])
HTML(ani.to_jshtml())
------------------

[0;31m---------------------------------------------------------------------------[0m
[0;31mNameError[0m                                 Traceback (most recent call last)
[0;32m/var/folders/8c/x9n91g7x7lqg0tt66yrmbwhm0000gn/T/ipykernel_33523/1087699608.py[0m in [0;36m<module>[0;34m[0m
[1;32m      1[0m [0;31m#RUN ME TO ANIMATE YOUR CODE[0m[0;34m[0m[0;34m[0m[0m
[0;32m----> 2[0;31m [0mani[0m[0;34m=[0m[0manimateMe_singlePendula[0m[0;34m([0m[0;34m[[0m[0mpositions[0m[0;34m][0m[0;34m)[0m[0;34m[0m[0;34m[0m[0m
[0m[1;32m      3[0m [0mHTML[0m[0;34m([0m[0mani[0m[0;34m.[0m[0mto_jshtml[0m[0;34m([0m[0;34m)[0m[0;34m)[0m[0;34m[0m[0;34m[0m[0m

[0;31mNameError[0m: name 'positions' is not defined
NameError: name 'positions' is not defined

