Traceback (most recent call last):
  File "/opt/hostedtoolcache/Python/3.14.3/x64/lib/python3.14/site-packages/jupyter_cache/executors/utils.py", line 58, in single_nb_execution
    executenb(
    ~~~~~~~~~^
        nb,
        ^^^
    ...<4 lines>...
        **kwargs,
        ^^^^^^^^^
    )
    ^
  File "/opt/hostedtoolcache/Python/3.14.3/x64/lib/python3.14/site-packages/nbclient/client.py", line 1323, in execute
    return NotebookClient(nb=nb, resources=resources, km=km, **kwargs).execute()
           ~~~~~~~~~~~~~~~~~~~~~~~~~~~~~~~~~~~~~~~~~~~~~~~~~~~~~~~~~~~~~~~~~~~^^
  File "/opt/hostedtoolcache/Python/3.14.3/x64/lib/python3.14/site-packages/jupyter_core/utils/__init__.py", line 165, in wrapped
    return loop.run_until_complete(inner)
           ~~~~~~~~~~~~~~~~~~~~~~~^^^^^^^
  File "/opt/hostedtoolcache/Python/3.14.3/x64/lib/python3.14/asyncio/base_events.py", line 719, in run_until_complete
    return future.result()
           ~~~~~~~~~~~~~^^
  File "/opt/hostedtoolcache/Python/3.14.3/x64/lib/python3.14/site-packages/nbclient/client.py", line 709, in async_execute
    await self.async_execute_cell(
        cell, index, execution_count=self.code_cells_executed + 1
    )
  File "/opt/hostedtoolcache/Python/3.14.3/x64/lib/python3.14/site-packages/nbclient/client.py", line 1062, in async_execute_cell
    await self._check_raise_for_error(cell, cell_index, exec_reply)
  File "/opt/hostedtoolcache/Python/3.14.3/x64/lib/python3.14/site-packages/nbclient/client.py", line 918, in _check_raise_for_error
    raise CellExecutionError.from_cell_and_msg(cell, exec_reply_content)
nbclient.exceptions.CellExecutionError: An error occurred while executing the following cell:
------------------
from dataclass import dataclass
@dataclass
class SinglePendulumParams:
    """
    Define the parameters of the single pendulum system
    """
    m: float = 1.0  # mass (actually this doesn't really matter so we default it to 1)
    L: float   # length of the pendulum
    A: float = 0.0 # damping
    B: float = 9.8 # restoring force
    C: float = 0.0 # driving force
    omega_drive: float = 0.0 # driving frequency 

@dataclass
class SinglePendulumSimulation:
    """
    Define the simulation parameters for the single pendulum system
    """
    dt: float = 0.01 # time step
    T: float = 20.0 # total time of the simulation
    omega_0: float = 0.0 # initial angular velocity
    theta_0: float = 0.0 # initial angle

------------------


[31m---------------------------------------------------------------------------[39m
[31mModuleNotFoundError[39m                       Traceback (most recent call last)
[36mCell[39m[36m [39m[32mIn[3][39m[32m, line 1[39m
[32m----> [39m[32m1[39m [38;5;28;01mfrom[39;00m[38;5;250m [39m[34;01mdataclass[39;00m[38;5;250m [39m[38;5;28;01mimport[39;00m dataclass
[32m      2[39m [38;5;129m@dataclass[39m
[32m      3[39m [38;5;28;01mclass[39;00m[38;5;250m [39m[34;01mSinglePendulumParams[39;00m:
[32m      4[39m [38;5;250m    [39m[33;03m"""[39;00m
[32m      5[39m [33;03m    Define the parameters of the single pendulum system[39;00m
[32m      6[39m [33;03m    """[39;00m

[31mModuleNotFoundError[39m: No module named 'dataclass'

