Traceback (most recent call last):
  File "/opt/hostedtoolcache/Python/3.14.3/x64/lib/python3.14/site-packages/jupyter_cache/executors/utils.py", line 58, in single_nb_execution
    executenb(
    ~~~~~~~~~^
        nb,
        ^^^
    ...<4 lines>...
        **kwargs,
        ^^^^^^^^^
    )
    ^
  File "/opt/hostedtoolcache/Python/3.14.3/x64/lib/python3.14/site-packages/nbclient/client.py", line 1323, in execute
    return NotebookClient(nb=nb, resources=resources, km=km, **kwargs).execute()
           ~~~~~~~~~~~~~~~~~~~~~~~~~~~~~~~~~~~~~~~~~~~~~~~~~~~~~~~~~~~~~~~~~~~^^
  File "/opt/hostedtoolcache/Python/3.14.3/x64/lib/python3.14/site-packages/jupyter_core/utils/__init__.py", line 165, in wrapped
    return loop.run_until_complete(inner)
           ~~~~~~~~~~~~~~~~~~~~~~~^^^^^^^
  File "/opt/hostedtoolcache/Python/3.14.3/x64/lib/python3.14/asyncio/base_events.py", line 719, in run_until_complete
    return future.result()
           ~~~~~~~~~~~~~^^
  File "/opt/hostedtoolcache/Python/3.14.3/x64/lib/python3.14/site-packages/nbclient/client.py", line 709, in async_execute
    await self.async_execute_cell(
        cell, index, execution_count=self.code_cells_executed + 1
    )
  File "/opt/hostedtoolcache/Python/3.14.3/x64/lib/python3.14/site-packages/nbclient/client.py", line 1062, in async_execute_cell
    await self._check_raise_for_error(cell, cell_index, exec_reply)
  File "/opt/hostedtoolcache/Python/3.14.3/x64/lib/python3.14/site-packages/nbclient/client.py", line 918, in _check_raise_for_error
    raise CellExecutionError.from_cell_and_msg(cell, exec_reply_content)
nbclient.exceptions.CellExecutionError: An error occurred while executing the following cell:
------------------

def AnimateMe(locsB, locsF):
    """
    Animate locations

    Parameters
    ----------
    locsB : np.ndarray (frames, x, y): locations of the bunnies
    locsF : np.ndarray (frames, x, y): locations of the foxes

    Returns
    -------
    animation object
    """
    def GetData(mm):
        mm=min(mm,len(locsF)-3)
        maskFox=locsF[mm]>0
        maskBunny=locsB[mm]>0
        toShow=np.zeros(np.shape(maskFox))
        toShow[maskFox]=1
        toShow[maskBunny]=-1
        return toShow

    fig=plt.figure(figsize=(20,10)) 

    plot = plt.imshow(GetData(0))
    plt.axis('image')

    def init():
        plot.set_data(GetData(0))
        return plot

    def update(j):
        plot.set_array(GetData(j))
        return plot,

    from IPython.display import HTML
    anim = FuncAnimation(fig, update, frames=len(locsF), interval = 30, blit=True,repeat=False)
    plt.close()
    return anim
anim=AnimateMe()
HTML(anim.to_jshtml())

------------------


[31m---------------------------------------------------------------------------[39m
[31mTypeError[39m                                 Traceback (most recent call last)
[36mCell[39m[36m [39m[32mIn[16][39m[32m, line 40[39m
[32m     36[39m     [38;5;28;01mfrom[39;00m IPython.display [38;5;28;01mimport[39;00m HTML
[32m     37[39m     anim = FuncAnimation(fig, update, frames=len(locsF), interval = [32m30[39m, blit=[38;5;28;01mTrue[39;00m,repeat=[38;5;28;01mFalse[39;00m)
[32m     38[39m     plt.close()
[32m     39[39m     [38;5;28;01mreturn[39;00m anim
[32m---> [39m[32m40[39m anim=AnimateMe()
[32m     41[39m HTML(anim.to_jshtml())

[31mTypeError[39m: AnimateMe() missing 2 required positional arguments: 'locsB' and 'locsF'

